<?xml version="1.0" encoding="UTF-8"?>
<!-- Generated by org.testng.reporters.JUnitXMLReporter -->
<testsuite hostname="L074226" ignored="2" name="TestLogin" tests="3" failures="1" timestamp="14 Jul 2017 19:35:21 GMT" time="193.293" errors="0">
  <testcase name="@BeforeClass setup" time="150.624" classname="login.TC0001_loginwithInavlidCredentials">
    <failure type="org.openqa.selenium.WebDriverException" message="Failed to decode response from marionette
Build info: version: &amp;apos;3.4.0&amp;apos;, revision: &amp;apos;unknown&amp;apos;, time: &amp;apos;unknown&amp;apos;
System info: host: &amp;apos;L074226&amp;apos;, ip: &amp;apos;142.174.189.193&amp;apos;, os.name: &amp;apos;Windows 7&amp;apos;, os.arch: &amp;apos;amd64&amp;apos;, os.version: &amp;apos;6.1&amp;apos;, java.version: &amp;apos;1.8.0_131&amp;apos;
Driver info: org.openqa.selenium.firefox.FirefoxDriver
Capabilities [{moz:profile=C:\Users\x201640\AppData\Local\Temp\rust_mozprofile.EsIeTxgYhtYB, rotatable=false, timeouts={implicit=0.0, pageLoad=300000.0, script=30000.0}, pageLoadStrategy=normal, platform=ANY, specificationLevel=0.0, moz:accessibilityChecks=false, acceptInsecureCerts=false, browserVersion=54.0.1, platformVersion=6.1, moz:processID=7984.0, browserName=firefox, javascriptEnabled=true, platformName=windows_nt}]
Session ID: 964cd805-1ea7-4ef1-bab2-b1b4cd406659">
      <![CDATA[org.openqa.selenium.WebDriverException: Failed to decode response from marionette
Build info: version: '3.4.0', revision: 'unknown', time: 'unknown'
System info: host: 'L074226', ip: '142.174.189.193', os.name: 'Windows 7', os.arch: 'amd64', os.version: '6.1', java.version: '1.8.0_131'
Driver info: org.openqa.selenium.firefox.FirefoxDriver
Capabilities [{moz:profile=C:\Users\x201640\AppData\Local\Temp\rust_mozprofile.EsIeTxgYhtYB, rotatable=false, timeouts={implicit=0.0, pageLoad=300000.0, script=30000.0}, pageLoadStrategy=normal, platform=ANY, specificationLevel=0.0, moz:accessibilityChecks=false, acceptInsecureCerts=false, browserVersion=54.0.1, platformVersion=6.1, moz:processID=7984.0, browserName=firefox, javascriptEnabled=true, platformName=windows_nt}]
Session ID: 964cd805-1ea7-4ef1-bab2-b1b4cd406659
	at org.openqa.selenium.remote.http.W3CHttpResponseCodec.createException(W3CHttpResponseCodec.java:150)
	at org.openqa.selenium.remote.http.W3CHttpResponseCodec.decode(W3CHttpResponseCodec.java:115)
	at org.openqa.selenium.remote.http.W3CHttpResponseCodec.decode(W3CHttpResponseCodec.java:45)
	at org.openqa.selenium.remote.HttpCommandExecutor.execute(HttpCommandExecutor.java:164)
	at org.openqa.selenium.remote.service.DriverCommandExecutor.execute(DriverCommandExecutor.java:82)
	at org.openqa.selenium.remote.RemoteWebDriver.execute(RemoteWebDriver.java:637)
	at org.openqa.selenium.remote.RemoteWebDriver.get(RemoteWebDriver.java:364)
	at testbase.testbaseforproject.getUrl(testbaseforproject.java:63)
	at testbase.testbaseforproject.init(testbaseforproject.java:40)
	at login.TC0001_loginwithInavlidCredentials.setup(TC0001_loginwithInavlidCredentials.java:20)
... Removed 29 stack frames]]>
    </failure>
  </testcase> <!-- @BeforeClass setup -->
  <testcase name="@AfterClass endTest" time="0.0" classname="login.TC0001_loginwithInavlidCredentials">
    <skipped/>
  </testcase> <!-- @AfterClass endTest -->
  <testcase name="verifyLoginWithInvalidCredentials" time="0.0" classname="login.TC0001_loginwithInavlidCredentials">
    <skipped/>
  </testcase> <!-- verifyLoginWithInvalidCredentials -->
  <testcase name="verifyLoginWithValidCredentials" time="7.844" classname="login.TC0002_loginwithvalidcredentials"/>
  <testcase name="verifyalllinksonloginpage" time="11.145" classname="login.TC0003_verifyalllinksonloginpage">
    <failure type="java.lang.AssertionError" message="expected [Forgot your email/username123?] but found [Forgot your email/username?]">
      <![CDATA[java.lang.AssertionError: expected [Forgot your email/username123?] but found [Forgot your email/username?]
	at login.TC0003_verifyalllinksonloginpage.verifyForgotEmailLinkOnLoginPage(TC0003_verifyalllinksonloginpage.java:35)
	at login.TC0003_verifyalllinksonloginpage.verifyalllinksonloginpage(TC0003_verifyalllinksonloginpage.java:24)
... Removed 31 stack frames]]>
    </failure>
  </testcase> <!-- verifyalllinksonloginpage -->
  <testcase name="@BeforeTest report" time="0.0" classname="testbase.testbaseforproject">
    <ignored/>
  </testcase> <!-- @BeforeTest report -->
  <testcase name="@BeforeTest report" time="0.0" classname="testbase.testbaseforproject">
    <ignored/>
  </testcase> <!-- @BeforeTest report -->
</testsuite> <!-- TestLogin -->
